[debug] [2024-12-09T22:45:22.588Z] ----------------------------------------------------------------------
[debug] [2024-12-09T22:45:22.591Z] Command:       C:\Program Files\nodejs\node.exe C:\Users\HP\AppData\Roaming\npm\node_modules\firebase-tools\lib\bin\firebase.js emulators:start --only functions
[debug] [2024-12-09T22:45:22.592Z] CLI Version:   13.27.0
[debug] [2024-12-09T22:45:22.592Z] Platform:      win32
[debug] [2024-12-09T22:45:22.592Z] Node Version:  v20.17.0
[debug] [2024-12-09T22:45:22.592Z] Time:          Mon Dec 09 2024 16:45:22 GMT-0600 (Central Standard Time)
[debug] [2024-12-09T22:45:22.592Z] ----------------------------------------------------------------------
[debug] 
[debug] [2024-12-09T22:45:22.597Z] >>> [apiv2][query] GET https://firebase-public.firebaseio.com/cli.json [none]
[debug] [2024-12-09T22:45:22.739Z] > command requires scopes: ["email","openid","https://www.googleapis.com/auth/cloudplatformprojects.readonly","https://www.googleapis.com/auth/firebase","https://www.googleapis.com/auth/cloud-platform"]
[debug] [2024-12-09T22:45:22.739Z] > authorizing via signed-in user (habtamuanbese@gmail.com)
[info] i  emulators: Starting emulators: functions {"metadata":{"emulator":{"name":"hub"},"message":"Starting emulators: functions"}}
[debug] [2024-12-09T22:45:22.753Z] [logging] Logging Emulator only supports listening on one address (127.0.0.1). Not listening on ::1
[debug] [2024-12-09T22:45:22.754Z] assigned listening specs for emulators {"user":{"hub":[{"address":"127.0.0.1","family":"IPv4","port":4400},{"address":"::1","family":"IPv6","port":4400}],"ui":[{"address":"127.0.0.1","family":"IPv4","port":4000},{"address":"::1","family":"IPv6","port":4000}],"logging":[{"address":"127.0.0.1","family":"IPv4","port":4500}]},"metadata":{"message":"assigned listening specs for emulators"}}
[debug] [2024-12-09T22:45:22.759Z] [hub] writing locator at C:\Users\HP\AppData\Local\Temp\hub-clone-e538c.json
[debug] [2024-12-09T22:45:22.766Z] *** [apiv2] error from fetch(https://firebase-public.firebaseio.com/cli.json, {"headers":{},"method":"GET"}): FetchError: request to https://firebase-public.firebaseio.com/cli.json failed, reason: getaddrinfo ENOTFOUND firebase-public.firebaseio.com
[warn] !  Unable to fetch the CLI MOTD and remote config. This is not a fatal error, but may indicate an issue with your network connection. 
[debug] [2024-12-09T22:45:22.768Z] Failed to fetch MOTD FirebaseError: Failed to make request to https://firebase-public.firebaseio.com/cli.json
[debug] [2024-12-09T22:45:22.802Z] [functions] Functions Emulator only supports listening on one address (127.0.0.1). Not listening on ::1
[debug] [2024-12-09T22:45:22.802Z] [eventarc] Eventarc Emulator only supports listening on one address (127.0.0.1). Not listening on ::1
[debug] [2024-12-09T22:45:22.803Z] [tasks] Cloud Tasks Emulator only supports listening on one address (127.0.0.1). Not listening on ::1
[debug] [2024-12-09T22:45:22.803Z] late-assigned ports for functions and eventarc emulators {"user":{"hub":[{"address":"127.0.0.1","family":"IPv4","port":4400},{"address":"::1","family":"IPv6","port":4400}],"ui":[{"address":"127.0.0.1","family":"IPv4","port":4000},{"address":"::1","family":"IPv6","port":4000}],"logging":[{"address":"127.0.0.1","family":"IPv4","port":4500}],"functions":[{"address":"127.0.0.1","family":"IPv4","port":5001}],"eventarc":[{"address":"127.0.0.1","family":"IPv4","port":9299}],"tasks":[{"address":"127.0.0.1","family":"IPv4","port":9499}]},"metadata":{"message":"late-assigned ports for functions and eventarc emulators"}}
[warn] !  functions: The following emulators are not running, calls to these services from the Functions emulator will affect production: apphosting, auth, firestore, database, hosting, pubsub, storage, dataconnect {"metadata":{"emulator":{"name":"functions"},"message":"The following emulators are not running, calls to these services from the Functions emulator will affect production: \u001b[1mapphosting, auth, firestore, database, hosting, pubsub, storage, dataconnect\u001b[22m"}}
[debug] [2024-12-09T22:45:22.809Z] defaultcredentials: writing to file C:\Users\HP\AppData\Roaming\firebase\habtamuanbese_gmail_com_application_default_credentials.json
[debug] [2024-12-09T22:45:22.812Z] Setting GAC to C:\Users\HP\AppData\Roaming\firebase\habtamuanbese_gmail_com_application_default_credentials.json {"metadata":{"emulator":{"name":"functions"},"message":"Setting GAC to C:\\Users\\HP\\AppData\\Roaming\\firebase\\habtamuanbese_gmail_com_application_default_credentials.json"}}
[debug] [2024-12-09T22:45:22.813Z] Checked if tokens are valid: false, expires at: 1733642126531
[debug] [2024-12-09T22:45:22.813Z] Checked if tokens are valid: false, expires at: 1733642126531
[debug] [2024-12-09T22:45:22.814Z] > refreshing access token with scopes: []
[debug] [2024-12-09T22:45:22.815Z] >>> [apiv2][query] POST https://www.googleapis.com/oauth2/v3/token [none]
[debug] [2024-12-09T22:45:22.815Z] >>> [apiv2][body] POST https://www.googleapis.com/oauth2/v3/token [omitted]
[debug] [2024-12-09T22:45:22.819Z] *** [apiv2] error from fetch(https://www.googleapis.com/oauth2/v3/token, {"headers":{},"method":"POST","body":{"_overheadLength":545,"_valueLength":212,"_valuesToMeasure":[],"writable":false,"readable":true,"dataSize":0,"maxDataSize":2097152,"pauseStreams":true,"_released":true,"_streams":[],"_currentStream":null,"_insideLoop":false,"_pendingNext":false,"_boundary":"--------------------------390226208876102062642058","_events":{},"_eventsCount":1}}): FetchError: request to https://www.googleapis.com/oauth2/v3/token failed, reason: getaddrinfo ENOTFOUND www.googleapis.com
[error] Authentication Error: Your credentials are no longer valid. Please run firebase login --reauth

For CI servers and headless environments, generate a new token with firebase login:ci
[debug] [2024-12-09T22:45:22.820Z] Failed to get Admin SDK config for clone-e538c, falling back to cache Failed to get Admin SDK for Firebase project clone-e538c. Please make sure the project exists and your account has permission to access it. {"name":"FirebaseError","children":[],"exit":2,"message":"Failed to get Admin SDK for Firebase project clone-e538c. Please make sure the project exists and your account has permission to access it.","original":{"name":"FirebaseError","children":[],"exit":1,"message":"Authentication Error: Your credentials are no longer valid. Please run \u001b[1mfirebase login --reauth\u001b[22m\n\nFor CI servers and headless environments, generate a new token with \u001b[1mfirebase login:ci\u001b[22m","status":500},"status":500}
[info] i  functions: Watching "C:\Users\HP\Desktop\evangadi\PHASE FOUR\week2\amazon-clone\amazon-clone-2024\functions" for Cloud Functions... {"metadata":{"emulator":{"name":"functions"},"message":"Watching \"C:\\Users\\HP\\Desktop\\evangadi\\PHASE FOUR\\week2\\amazon-clone\\amazon-clone-2024\\functions\" for Cloud Functions..."}}
[debug] [2024-12-09T22:45:22.865Z] Validating nodejs source
[debug] [2024-12-09T22:45:32.900Z] checkFunctionsSDKVersion was unable to fetch information from NPM Error: spawnSync C:\WINDOWS\system32\cmd.exe ETIMEDOUT
    at Object.spawnSync (node:internal/child_process:1124:20)
    at Object.spawnSync (node:child_process:877:24)
    at Function.spawnSync [as sync] (C:\Users\HP\AppData\Roaming\npm\node_modules\firebase-tools\node_modules\cross-spawn\index.js:26:23)
    at Object.getLatestSDKVersion (C:\Users\HP\AppData\Roaming\npm\node_modules\firebase-tools\lib\deploy\functions\runtimes\node\versioning.js:54:25)
    at Object.checkFunctionsSDKVersion (C:\Users\HP\AppData\Roaming\npm\node_modules\firebase-tools\lib\deploy\functions\runtimes\node\versioning.js:74:32)
    at Delegate.validate (C:\Users\HP\AppData\Roaming\npm\node_modules\firebase-tools\lib\deploy\functions\runtimes\node\index.js:86:20)
    at FunctionsEmulator.discoverTriggers (C:\Users\HP\AppData\Roaming\npm\node_modules\firebase-tools\lib\emulator\functionsEmulator.js:331:35)
    at async FunctionsEmulator.loadTriggers (C:\Users\HP\AppData\Roaming\npm\node_modules\firebase-tools\lib\emulator\functionsEmulator.js:371:34)
    at async FunctionsEmulator.connect (C:\Users\HP\AppData\Roaming\npm\node_modules\firebase-tools\lib\emulator\functionsEmulator.js:297:13)
    at async Object.startAll (C:\Users\HP\AppData\Roaming\npm\node_modules\firebase-tools\lib\emulator\controller.js:652:13)
[debug] [2024-12-09T22:45:32.901Z] > [functions] package.json contents: {
  "name": "functions",
  "description": "Cloud Functions for Firebase",
  "scripts": {
    "serve": "firebase emulators:start --only functions",
    "shell": "firebase functions:shell",
    "start": "npm run shell",
    "deploy": "firebase deploy --only functions",
    "logs": "firebase functions:log"
  },
  "engines": {
    "node": "18"
  },
  "main": "index.js",
  "dependencies": {
    "cors": "^2.8.5",
    "dotenv": "^16.4.5",
    "express": "^4.21.1",
    "firebase-admin": "^12.6.0",
    "firebase-functions": "^6.0.1",
    "stripe": "^17.4.0"
  },
  "devDependencies": {
    "firebase-functions-test": "^3.1.0"
  },
  "private": true
}
[debug] [2024-12-09T22:45:32.901Z] Building nodejs source
[debug] [2024-12-09T22:45:32.901Z] Failed to find version of module node: reached end of search path C:\Users\HP\Desktop\evangadi\PHASE FOUR\week2\amazon-clone\amazon-clone-2024\functions\node_modules
[warn] !  functions: Your requested "node" version "18" doesn't match your global version "20". Using node@20 from host. 
[info] i  functions: Loaded environment variables from .env. 
[debug] [2024-12-09T22:45:32.906Z] Could not find functions.yaml. Must use http discovery
[debug] [2024-12-09T22:45:32.917Z] Found firebase-functions binary at 'C:\Users\HP\Desktop\evangadi\PHASE FOUR\week2\amazon-clone\amazon-clone-2024\functions\node_modules\.bin\firebase-functions'
[info] Serving at port 8885

[debug] [2024-12-09T22:45:33.716Z] Got response from /__/functions.yaml {"endpoints":{"api":{"availableMemoryMb":null,"timeoutSeconds":null,"minInstances":null,"maxInstances":null,"ingressSettings":null,"concurrency":null,"serviceAccountEmail":null,"vpc":null,"platform":"gcfv2","labels":{},"httpsTrigger":{},"entryPoint":"api"}},"specVersion":"v1alpha1","requiredAPIs":[],"extensions":{}}
[info] +  functions: Loaded functions definitions from source: api. {"metadata":{"emulator":{"name":"functions"},"message":"Loaded functions definitions from source: api."}}
[info] +  functions[us-central1-api]: http function initialized (http://127.0.0.1:5001/clone-e538c/us-central1/api). {"metadata":{"emulator":{"name":"functions"},"message":"\u001b[1mhttp\u001b[22m function initialized (http://127.0.0.1:5001/clone-e538c/us-central1/api)."}}
[debug] [2024-12-09T22:45:38.781Z] Could not find VSCode notification endpoint: FetchError: request to http://localhost:40001/vscode/notify failed, reason: . If you are not running the Firebase Data Connect VSCode extension, this is expected and not an issue.
[info] 
┌─────────────────────────────────────────────────────────────┐
│ ✔  All emulators ready! It is now safe to connect your app. │
│ i  View Emulator UI at http://127.0.0.1:4000/               │
└─────────────────────────────────────────────────────────────┘

┌───────────┬────────────────┬─────────────────────────────────┐
│ Emulator  │ Host:Port      │ View in Emulator UI             │
├───────────┼────────────────┼─────────────────────────────────┤
│ Functions │ 127.0.0.1:5001 │ http://127.0.0.1:4000/functions │
└───────────┴────────────────┴─────────────────────────────────┘
  Emulator Hub running at 127.0.0.1:4400
  Other reserved ports: 4500

Issues? Report them at https://github.com/firebase/firebase-tools/issues and attach the *-debug.log files.
 
[debug] [2024-12-10T00:06:23.833Z] [work-queue] {"queuedWork":["/clone-e538c/us-central1/api/payments/create-2024-12-10T00:06:23.799Z"],"queueLength":1,"runningWork":[],"workRunningCount":0}
[debug] [2024-12-10T00:06:23.964Z] [work-queue] {"queuedWork":[],"queueLength":0,"runningWork":["/clone-e538c/us-central1/api/payments/create-2024-12-10T00:06:23.799Z"],"workRunningCount":1}
[debug] [2024-12-10T00:06:23.982Z] Accepted request POST /clone-e538c/us-central1/api/payments/create?total=5599 --> us-central1-api
[debug] [2024-12-10T00:06:24.395Z] [functions] Runtime ready! Sending request! {"metadata":{"emulator":{"name":"functions"},"message":"[functions] Runtime ready! Sending request!"}}
[debug] [2024-12-10T00:06:24.427Z] [functions] Got req.url=/clone-e538c/us-central1/api/payments/create?total=5599, mapping to path=/payments/create?total=5599 {"metadata":{"emulator":{"name":"functions"},"message":"[functions] Got req.url=/clone-e538c/us-central1/api/payments/create?total=5599, mapping to path=/payments/create?total=5599"}}
[info] i  functions: Loaded environment variables from .env. 
[debug] [2024-12-10T00:06:25.164Z] [worker-pool] addWorker(us-central1-api) {"metadata":{"emulator":{"name":"functions"},"message":"[worker-pool] addWorker(us-central1-api)"}}
[debug] [2024-12-10T00:06:25.177Z] [worker-pool] Adding worker with key us-central1-api, total=1 {"metadata":{"emulator":{"name":"functions"},"message":"[worker-pool] Adding worker with key us-central1-api, total=1"}}
[debug] [2024-12-10T00:06:35.944Z] [runtime-status] [13744] Resolved module firebase-admin {"declared":true,"installed":true,"version":"12.7.0","resolution":"C:\\Users\\HP\\Desktop\\evangadi\\PHASE FOUR\\week2\\amazon-clone\\amazon-clone-2024\\functions\\node_modules\\firebase-admin\\lib\\index.js"} {"metadata":{"emulator":{"name":"functions"},"function":{"name":"us-central1-api"},"extension":{},"message":"[runtime-status] [13744] Resolved module firebase-admin {\"declared\":true,\"installed\":true,\"version\":\"12.7.0\",\"resolution\":\"C:\\\\Users\\\\HP\\\\Desktop\\\\evangadi\\\\PHASE FOUR\\\\week2\\\\amazon-clone\\\\amazon-clone-2024\\\\functions\\\\node_modules\\\\firebase-admin\\\\lib\\\\index.js\"}"}}
[debug] [2024-12-10T00:06:35.947Z] [runtime-status] [13744] Resolved module firebase-functions {"declared":true,"installed":true,"version":"6.1.1","resolution":"C:\\Users\\HP\\Desktop\\evangadi\\PHASE FOUR\\week2\\amazon-clone\\amazon-clone-2024\\functions\\node_modules\\firebase-functions\\lib\\v2\\index.js"} {"metadata":{"emulator":{"name":"functions"},"function":{"name":"us-central1-api"},"extension":{},"message":"[runtime-status] [13744] Resolved module firebase-functions {\"declared\":true,\"installed\":true,\"version\":\"6.1.1\",\"resolution\":\"C:\\\\Users\\\\HP\\\\Desktop\\\\evangadi\\\\PHASE FOUR\\\\week2\\\\amazon-clone\\\\amazon-clone-2024\\\\functions\\\\node_modules\\\\firebase-functions\\\\lib\\\\v2\\\\index.js\"}"}}
[debug] [2024-12-10T00:06:35.948Z] [runtime-status] [13744] Outgoing network have been stubbed. [{"name":"http","status":"mocked"},{"name":"http","status":"mocked"},{"name":"https","status":"mocked"},{"name":"https","status":"mocked"},{"name":"net","status":"mocked"}] {"metadata":{"emulator":{"name":"functions"},"function":{"name":"us-central1-api"},"extension":{},"message":"[runtime-status] [13744] Outgoing network have been stubbed. [{\"name\":\"http\",\"status\":\"mocked\"},{\"name\":\"http\",\"status\":\"mocked\"},{\"name\":\"https\",\"status\":\"mocked\"},{\"name\":\"https\",\"status\":\"mocked\"},{\"name\":\"net\",\"status\":\"mocked\"}]"}}
[debug] [2024-12-10T00:06:35.950Z] [runtime-status] [13744] Resolved module firebase-functions {"declared":true,"installed":true,"version":"6.1.1","resolution":"C:\\Users\\HP\\Desktop\\evangadi\\PHASE FOUR\\week2\\amazon-clone\\amazon-clone-2024\\functions\\node_modules\\firebase-functions\\lib\\v2\\index.js"} {"metadata":{"emulator":{"name":"functions"},"function":{"name":"us-central1-api"},"extension":{},"message":"[runtime-status] [13744] Resolved module firebase-functions {\"declared\":true,\"installed\":true,\"version\":\"6.1.1\",\"resolution\":\"C:\\\\Users\\\\HP\\\\Desktop\\\\evangadi\\\\PHASE FOUR\\\\week2\\\\amazon-clone\\\\amazon-clone-2024\\\\functions\\\\node_modules\\\\firebase-functions\\\\lib\\\\v2\\\\index.js\"}"}}
[debug] [2024-12-10T00:06:37.996Z] [runtime-status] [13744] Checked functions.config() {"config":{}} {"metadata":{"emulator":{"name":"functions"},"function":{"name":"us-central1-api"},"extension":{},"message":"[runtime-status] [13744] Checked functions.config() {\"config\":{}}"}}
[debug] [2024-12-10T00:06:37.999Z] [runtime-status] [13744] firebase-functions has been stubbed. {"functionsResolution":{"declared":true,"installed":true,"version":"6.1.1","resolution":"C:\\Users\\HP\\Desktop\\evangadi\\PHASE FOUR\\week2\\amazon-clone\\amazon-clone-2024\\functions\\node_modules\\firebase-functions\\lib\\v2\\index.js"}} {"metadata":{"emulator":{"name":"functions"},"function":{"name":"us-central1-api"},"extension":{},"message":"[runtime-status] [13744] firebase-functions has been stubbed. {\"functionsResolution\":{\"declared\":true,\"installed\":true,\"version\":\"6.1.1\",\"resolution\":\"C:\\\\Users\\\\HP\\\\Desktop\\\\evangadi\\\\PHASE FOUR\\\\week2\\\\amazon-clone\\\\amazon-clone-2024\\\\functions\\\\node_modules\\\\firebase-functions\\\\lib\\\\v2\\\\index.js\"}}"}}
[debug] [2024-12-10T00:06:38.000Z] [runtime-status] [13744] Resolved module firebase-functions {"declared":true,"installed":true,"version":"6.1.1","resolution":"C:\\Users\\HP\\Desktop\\evangadi\\PHASE FOUR\\week2\\amazon-clone\\amazon-clone-2024\\functions\\node_modules\\firebase-functions\\lib\\v2\\index.js"} {"metadata":{"emulator":{"name":"functions"},"function":{"name":"us-central1-api"},"extension":{},"message":"[runtime-status] [13744] Resolved module firebase-functions {\"declared\":true,\"installed\":true,\"version\":\"6.1.1\",\"resolution\":\"C:\\\\Users\\\\HP\\\\Desktop\\\\evangadi\\\\PHASE FOUR\\\\week2\\\\amazon-clone\\\\amazon-clone-2024\\\\functions\\\\node_modules\\\\firebase-functions\\\\lib\\\\v2\\\\index.js\"}"}}
[debug] [2024-12-10T00:06:38.033Z] [runtime-status] [13744] Resolved module firebase-admin {"declared":true,"installed":true,"version":"12.7.0","resolution":"C:\\Users\\HP\\Desktop\\evangadi\\PHASE FOUR\\week2\\amazon-clone\\amazon-clone-2024\\functions\\node_modules\\firebase-admin\\lib\\index.js"} {"metadata":{"emulator":{"name":"functions"},"function":{"name":"us-central1-api"},"extension":{},"message":"[runtime-status] [13744] Resolved module firebase-admin {\"declared\":true,\"installed\":true,\"version\":\"12.7.0\",\"resolution\":\"C:\\\\Users\\\\HP\\\\Desktop\\\\evangadi\\\\PHASE FOUR\\\\week2\\\\amazon-clone\\\\amazon-clone-2024\\\\functions\\\\node_modules\\\\firebase-admin\\\\lib\\\\index.js\"}"}}
[debug] [2024-12-10T00:06:38.066Z] [runtime-status] [13744] Resolved module firebase-functions {"declared":true,"installed":true,"version":"6.1.1","resolution":"C:\\Users\\HP\\Desktop\\evangadi\\PHASE FOUR\\week2\\amazon-clone\\amazon-clone-2024\\functions\\node_modules\\firebase-functions\\lib\\v2\\index.js"} {"metadata":{"emulator":{"name":"functions"},"function":{"name":"us-central1-api"},"extension":{},"message":"[runtime-status] [13744] Resolved module firebase-functions {\"declared\":true,\"installed\":true,\"version\":\"6.1.1\",\"resolution\":\"C:\\\\Users\\\\HP\\\\Desktop\\\\evangadi\\\\PHASE FOUR\\\\week2\\\\amazon-clone\\\\amazon-clone-2024\\\\functions\\\\node_modules\\\\firebase-functions\\\\lib\\\\v2\\\\index.js\"}"}}
[debug] [2024-12-10T00:06:38.069Z] [runtime-status] [13744] firebase-admin has been stubbed. {"adminResolution":{"declared":true,"installed":true,"version":"12.7.0","resolution":"C:\\Users\\HP\\Desktop\\evangadi\\PHASE FOUR\\week2\\amazon-clone\\amazon-clone-2024\\functions\\node_modules\\firebase-admin\\lib\\index.js"}} {"metadata":{"emulator":{"name":"functions"},"function":{"name":"us-central1-api"},"extension":{},"message":"[runtime-status] [13744] firebase-admin has been stubbed. {\"adminResolution\":{\"declared\":true,\"installed\":true,\"version\":\"12.7.0\",\"resolution\":\"C:\\\\Users\\\\HP\\\\Desktop\\\\evangadi\\\\PHASE FOUR\\\\week2\\\\amazon-clone\\\\amazon-clone-2024\\\\functions\\\\node_modules\\\\firebase-admin\\\\lib\\\\index.js\"}}"}}
[debug] [2024-12-10T00:06:39.528Z] [runtime-status] [13744] Functions runtime initialized. {"cwd":"C:\\Users\\HP\\Desktop\\evangadi\\PHASE FOUR\\week2\\amazon-clone\\amazon-clone-2024\\functions","node_version":"20.17.0"} {"metadata":{"emulator":{"name":"functions"},"function":{"name":"us-central1-api"},"extension":{},"message":"[runtime-status] [13744] Functions runtime initialized. {\"cwd\":\"C:\\\\Users\\\\HP\\\\Desktop\\\\evangadi\\\\PHASE FOUR\\\\week2\\\\amazon-clone\\\\amazon-clone-2024\\\\functions\",\"node_version\":\"20.17.0\"}"}}
[debug] [2024-12-10T00:06:39.530Z] [runtime-status] [13744] Listening to port: \\?\pipe\fire_emu_d25f4b34135fa9b2 {"metadata":{"emulator":{"name":"functions"},"function":{"name":"us-central1-api"},"extension":{},"message":"[runtime-status] [13744] Listening to port: \\\\?\\pipe\\fire_emu_d25f4b34135fa9b2"}}
[debug] [2024-12-10T00:06:39.671Z] [worker-us-central1-api-7e411ba7-c47b-42d2-a2e4-86b50a9b0cf8]: IDLE {"metadata":{"emulator":{"name":"functions"},"function":{"name":"us-central1-api"},"extension":{},"message":"[worker-us-central1-api-7e411ba7-c47b-42d2-a2e4-86b50a9b0cf8]: IDLE"}}
[debug] [2024-12-10T00:06:39.673Z] [worker-pool] submitRequest(triggerId=us-central1-api) {"metadata":{"emulator":{"name":"functions"},"message":"[worker-pool] submitRequest(triggerId=us-central1-api)"}}
[info] i  functions: Beginning execution of "us-central1-api" {"metadata":{"emulator":{"name":"functions"},"function":{"name":"us-central1-api"},"extension":{},"message":"Beginning execution of \"us-central1-api\""}}
[debug] [2024-12-10T00:06:39.682Z] [worker-us-central1-api-7e411ba7-c47b-42d2-a2e4-86b50a9b0cf8]: BUSY {"metadata":{"emulator":{"name":"functions"},"function":{"name":"us-central1-api"},"extension":{},"message":"[worker-us-central1-api-7e411ba7-c47b-42d2-a2e4-86b50a9b0cf8]: BUSY"}}
[info] >  payment received 5599 {"user":"payment received 5599","metadata":{"emulator":{"name":"functions"},"function":{"name":"us-central1-api"},"extension":{},"message":"\u001b[90m> \u001b[39m payment received 5599"}}
[info] >  { {"user":"{","metadata":{"emulator":{"name":"functions"},"function":{"name":"us-central1-api"},"extension":{},"message":"\u001b[90m> \u001b[39m {"}}
[info] >    id: 'pi_3QU8bZ2KhcYqRuaC1lX0a16F', {"user":"  id: 'pi_3QU8bZ2KhcYqRuaC1lX0a16F',","metadata":{"emulator":{"name":"functions"},"function":{"name":"us-central1-api"},"extension":{},"message":"\u001b[90m> \u001b[39m   id: 'pi_3QU8bZ2KhcYqRuaC1lX0a16F',"}}
[info] >    object: 'payment_intent', {"user":"  object: 'payment_intent',","metadata":{"emulator":{"name":"functions"},"function":{"name":"us-central1-api"},"extension":{},"message":"\u001b[90m> \u001b[39m   object: 'payment_intent',"}}
[info] >    amount: 5599, {"user":"  amount: 5599,","metadata":{"emulator":{"name":"functions"},"function":{"name":"us-central1-api"},"extension":{},"message":"\u001b[90m> \u001b[39m   amount: 5599,"}}
[info] >    amount_capturable: 0, {"user":"  amount_capturable: 0,","metadata":{"emulator":{"name":"functions"},"function":{"name":"us-central1-api"},"extension":{},"message":"\u001b[90m> \u001b[39m   amount_capturable: 0,"}}
[info] >    amount_details: { tip: {} }, {"user":"  amount_details: { tip: {} },","metadata":{"emulator":{"name":"functions"},"function":{"name":"us-central1-api"},"extension":{},"message":"\u001b[90m> \u001b[39m   amount_details: { tip: {} },"}}
[info] >    amount_received: 0, {"user":"  amount_received: 0,","metadata":{"emulator":{"name":"functions"},"function":{"name":"us-central1-api"},"extension":{},"message":"\u001b[90m> \u001b[39m   amount_received: 0,"}}
[info] >    application: null, {"user":"  application: null,","metadata":{"emulator":{"name":"functions"},"function":{"name":"us-central1-api"},"extension":{},"message":"\u001b[90m> \u001b[39m   application: null,"}}
[info] >    application_fee_amount: null, {"user":"  application_fee_amount: null,","metadata":{"emulator":{"name":"functions"},"function":{"name":"us-central1-api"},"extension":{},"message":"\u001b[90m> \u001b[39m   application_fee_amount: null,"}}
[info] >    automatic_payment_methods: { allow_redirects: 'always', enabled: true }, {"user":"  automatic_payment_methods: { allow_redirects: 'always', enabled: true },","metadata":{"emulator":{"name":"functions"},"function":{"name":"us-central1-api"},"extension":{},"message":"\u001b[90m> \u001b[39m   automatic_payment_methods: { allow_redirects: 'always', enabled: true },"}}
[info] >    canceled_at: null, {"user":"  canceled_at: null,","metadata":{"emulator":{"name":"functions"},"function":{"name":"us-central1-api"},"extension":{},"message":"\u001b[90m> \u001b[39m   canceled_at: null,"}}
[info] >    cancellation_reason: null, {"user":"  cancellation_reason: null,","metadata":{"emulator":{"name":"functions"},"function":{"name":"us-central1-api"},"extension":{},"message":"\u001b[90m> \u001b[39m   cancellation_reason: null,"}}
[info] >    capture_method: 'automatic_async', {"user":"  capture_method: 'automatic_async',","metadata":{"emulator":{"name":"functions"},"function":{"name":"us-central1-api"},"extension":{},"message":"\u001b[90m> \u001b[39m   capture_method: 'automatic_async',"}}
[info] >    client_secret: 'pi_3QU8bZ2KhcYqRuaC1lX0a16F_secret_aJ3CxDGb6361iZcI0H5MrPMAV', {"user":"  client_secret: 'pi_3QU8bZ2KhcYqRuaC1lX0a16F_secret_aJ3CxDGb6361iZcI0H5MrPMAV',","metadata":{"emulator":{"name":"functions"},"function":{"name":"us-central1-api"},"extension":{},"message":"\u001b[90m> \u001b[39m   client_secret: 'pi_3QU8bZ2KhcYqRuaC1lX0a16F_secret_aJ3CxDGb6361iZcI0H5MrPMAV',"}}
[info] >    confirmation_method: 'automatic', {"user":"  confirmation_method: 'automatic',","metadata":{"emulator":{"name":"functions"},"function":{"name":"us-central1-api"},"extension":{},"message":"\u001b[90m> \u001b[39m   confirmation_method: 'automatic',"}}
[info] >    created: 1733757037, {"user":"  created: 1733757037,","metadata":{"emulator":{"name":"functions"},"function":{"name":"us-central1-api"},"extension":{},"message":"\u001b[90m> \u001b[39m   created: 1733757037,"}}
[info] >    currency: 'usd', {"user":"  currency: 'usd',","metadata":{"emulator":{"name":"functions"},"function":{"name":"us-central1-api"},"extension":{},"message":"\u001b[90m> \u001b[39m   currency: 'usd',"}}
[info] >    customer: null, {"user":"  customer: null,","metadata":{"emulator":{"name":"functions"},"function":{"name":"us-central1-api"},"extension":{},"message":"\u001b[90m> \u001b[39m   customer: null,"}}
[info] >    description: null, {"user":"  description: null,","metadata":{"emulator":{"name":"functions"},"function":{"name":"us-central1-api"},"extension":{},"message":"\u001b[90m> \u001b[39m   description: null,"}}
[info] >    invoice: null, {"user":"  invoice: null,","metadata":{"emulator":{"name":"functions"},"function":{"name":"us-central1-api"},"extension":{},"message":"\u001b[90m> \u001b[39m   invoice: null,"}}
[info] >    last_payment_error: null, {"user":"  last_payment_error: null,","metadata":{"emulator":{"name":"functions"},"function":{"name":"us-central1-api"},"extension":{},"message":"\u001b[90m> \u001b[39m   last_payment_error: null,"}}
[info] >    latest_charge: null, {"user":"  latest_charge: null,","metadata":{"emulator":{"name":"functions"},"function":{"name":"us-central1-api"},"extension":{},"message":"\u001b[90m> \u001b[39m   latest_charge: null,"}}
[info] >    livemode: false, {"user":"  livemode: false,","metadata":{"emulator":{"name":"functions"},"function":{"name":"us-central1-api"},"extension":{},"message":"\u001b[90m> \u001b[39m   livemode: false,"}}
[info] >    metadata: {}, {"user":"  metadata: {},","metadata":{"emulator":{"name":"functions"},"function":{"name":"us-central1-api"},"extension":{},"message":"\u001b[90m> \u001b[39m   metadata: {},"}}
[info] >    next_action: null, {"user":"  next_action: null,","metadata":{"emulator":{"name":"functions"},"function":{"name":"us-central1-api"},"extension":{},"message":"\u001b[90m> \u001b[39m   next_action: null,"}}
[info] >    on_behalf_of: null, {"user":"  on_behalf_of: null,","metadata":{"emulator":{"name":"functions"},"function":{"name":"us-central1-api"},"extension":{},"message":"\u001b[90m> \u001b[39m   on_behalf_of: null,"}}
[info] >    payment_method: null, {"user":"  payment_method: null,","metadata":{"emulator":{"name":"functions"},"function":{"name":"us-central1-api"},"extension":{},"message":"\u001b[90m> \u001b[39m   payment_method: null,"}}
[info] >    payment_method_configuration_details: { id: 'pmc_1QT1SY2KhcYqRuaCyCKjwOCM', parent: null }, {"user":"  payment_method_configuration_details: { id: 'pmc_1QT1SY2KhcYqRuaCyCKjwOCM', parent: null },","metadata":{"emulator":{"name":"functions"},"function":{"name":"us-central1-api"},"extension":{},"message":"\u001b[90m> \u001b[39m   payment_method_configuration_details: { id: 'pmc_1QT1SY2KhcYqRuaCyCKjwOCM', parent: null },"}}
[info] >    payment_method_options: { {"user":"  payment_method_options: {","metadata":{"emulator":{"name":"functions"},"function":{"name":"us-central1-api"},"extension":{},"message":"\u001b[90m> \u001b[39m   payment_method_options: {"}}
[info] >      card: { {"user":"    card: {","metadata":{"emulator":{"name":"functions"},"function":{"name":"us-central1-api"},"extension":{},"message":"\u001b[90m> \u001b[39m     card: {"}}
[info] >        installments: null, {"user":"      installments: null,","metadata":{"emulator":{"name":"functions"},"function":{"name":"us-central1-api"},"extension":{},"message":"\u001b[90m> \u001b[39m       installments: null,"}}
[info] >        mandate_options: null, {"user":"      mandate_options: null,","metadata":{"emulator":{"name":"functions"},"function":{"name":"us-central1-api"},"extension":{},"message":"\u001b[90m> \u001b[39m       mandate_options: null,"}}
[info] >        network: null, {"user":"      network: null,","metadata":{"emulator":{"name":"functions"},"function":{"name":"us-central1-api"},"extension":{},"message":"\u001b[90m> \u001b[39m       network: null,"}}
[info] >        request_three_d_secure: 'automatic' {"user":"      request_three_d_secure: 'automatic'","metadata":{"emulator":{"name":"functions"},"function":{"name":"us-central1-api"},"extension":{},"message":"\u001b[90m> \u001b[39m       request_three_d_secure: 'automatic'"}}
[info] >      }, {"user":"    },","metadata":{"emulator":{"name":"functions"},"function":{"name":"us-central1-api"},"extension":{},"message":"\u001b[90m> \u001b[39m     },"}}
[info] >      cashapp: {}, {"user":"    cashapp: {},","metadata":{"emulator":{"name":"functions"},"function":{"name":"us-central1-api"},"extension":{},"message":"\u001b[90m> \u001b[39m     cashapp: {},"}}
[info] >      link: { persistent_token: null } {"user":"    link: { persistent_token: null }","metadata":{"emulator":{"name":"functions"},"function":{"name":"us-central1-api"},"extension":{},"message":"\u001b[90m> \u001b[39m     link: { persistent_token: null }"}}
[info] >    }, {"user":"  },","metadata":{"emulator":{"name":"functions"},"function":{"name":"us-central1-api"},"extension":{},"message":"\u001b[90m> \u001b[39m   },"}}
[info] >    payment_method_types: [ 'card', 'link', 'cashapp' ], {"user":"  payment_method_types: [ 'card', 'link', 'cashapp' ],","metadata":{"emulator":{"name":"functions"},"function":{"name":"us-central1-api"},"extension":{},"message":"\u001b[90m> \u001b[39m   payment_method_types: [ 'card', 'link', 'cashapp' ],"}}
[info] >    processing: null, {"user":"  processing: null,","metadata":{"emulator":{"name":"functions"},"function":{"name":"us-central1-api"},"extension":{},"message":"\u001b[90m> \u001b[39m   processing: null,"}}
[info] >    receipt_email: null, {"user":"  receipt_email: null,","metadata":{"emulator":{"name":"functions"},"function":{"name":"us-central1-api"},"extension":{},"message":"\u001b[90m> \u001b[39m   receipt_email: null,"}}
[info] >    review: null, {"user":"  review: null,","metadata":{"emulator":{"name":"functions"},"function":{"name":"us-central1-api"},"extension":{},"message":"\u001b[90m> \u001b[39m   review: null,"}}
[info] >    setup_future_usage: null, {"user":"  setup_future_usage: null,","metadata":{"emulator":{"name":"functions"},"function":{"name":"us-central1-api"},"extension":{},"message":"\u001b[90m> \u001b[39m   setup_future_usage: null,"}}
[info] >    shipping: null, {"user":"  shipping: null,","metadata":{"emulator":{"name":"functions"},"function":{"name":"us-central1-api"},"extension":{},"message":"\u001b[90m> \u001b[39m   shipping: null,"}}
[info] >    source: null, {"user":"  source: null,","metadata":{"emulator":{"name":"functions"},"function":{"name":"us-central1-api"},"extension":{},"message":"\u001b[90m> \u001b[39m   source: null,"}}
[info] >    statement_descriptor: null, {"user":"  statement_descriptor: null,","metadata":{"emulator":{"name":"functions"},"function":{"name":"us-central1-api"},"extension":{},"message":"\u001b[90m> \u001b[39m   statement_descriptor: null,"}}
[info] >    statement_descriptor_suffix: null, {"user":"  statement_descriptor_suffix: null,","metadata":{"emulator":{"name":"functions"},"function":{"name":"us-central1-api"},"extension":{},"message":"\u001b[90m> \u001b[39m   statement_descriptor_suffix: null,"}}
[info] >    status: 'requires_payment_method', {"user":"  status: 'requires_payment_method',","metadata":{"emulator":{"name":"functions"},"function":{"name":"us-central1-api"},"extension":{},"message":"\u001b[90m> \u001b[39m   status: 'requires_payment_method',"}}
[info] >    transfer_data: null, {"user":"  transfer_data: null,","metadata":{"emulator":{"name":"functions"},"function":{"name":"us-central1-api"},"extension":{},"message":"\u001b[90m> \u001b[39m   transfer_data: null,"}}
[info] >    transfer_group: null {"user":"  transfer_group: null","metadata":{"emulator":{"name":"functions"},"function":{"name":"us-central1-api"},"extension":{},"message":"\u001b[90m> \u001b[39m   transfer_group: null"}}
[info] >  } {"user":"}","metadata":{"emulator":{"name":"functions"},"function":{"name":"us-central1-api"},"extension":{},"message":"\u001b[90m> \u001b[39m }"}}
[debug] [2024-12-10T00:06:41.993Z] Finishing up request with event=pause {"metadata":{"emulator":{"name":"functions"},"function":{"name":"us-central1-api"},"extension":{},"message":"Finishing up request with event=pause"}}
[info] i  functions: Finished "us-central1-api" in 2311.7219999999998ms {"metadata":{"emulator":{"name":"functions"},"function":{"name":"us-central1-api"},"extension":{},"message":"Finished \"us-central1-api\" in 2311.7219999999998ms"}}
[debug] [2024-12-10T00:06:41.995Z] [worker-us-central1-api-7e411ba7-c47b-42d2-a2e4-86b50a9b0cf8]: IDLE {"metadata":{"emulator":{"name":"functions"},"function":{"name":"us-central1-api"},"extension":{},"message":"[worker-us-central1-api-7e411ba7-c47b-42d2-a2e4-86b50a9b0cf8]: IDLE"}}
[debug] [2024-12-10T00:06:41.997Z] Finishing up request with event=finish {"metadata":{"emulator":{"name":"functions"},"function":{"name":"us-central1-api"},"extension":{},"message":"Finishing up request with event=finish"}}
[debug] [2024-12-10T00:06:41.998Z] Finishing up request with event=close {"metadata":{"emulator":{"name":"functions"},"function":{"name":"us-central1-api"},"extension":{},"message":"Finishing up request with event=close"}}
[debug] [2024-12-10T00:06:42.004Z] [work-queue] {"queuedWork":[],"queueLength":0,"runningWork":[],"workRunningCount":0}
[debug] [2024-12-11T11:30:48.344Z] ----------------------------------------------------------------------
[debug] [2024-12-11T11:30:48.354Z] Command:       C:\Program Files\nodejs\node.exe C:\Users\HP\AppData\Roaming\npm\node_modules\firebase-tools\lib\bin\firebase.js emulators:start --only functions
[debug] [2024-12-11T11:30:48.356Z] CLI Version:   13.27.0
[debug] [2024-12-11T11:30:48.356Z] Platform:      win32
[debug] [2024-12-11T11:30:48.356Z] Node Version:  v20.17.0
[debug] [2024-12-11T11:30:48.357Z] Time:          Wed Dec 11 2024 05:30:48 GMT-0600 (Central Standard Time)
[debug] [2024-12-11T11:30:48.357Z] ----------------------------------------------------------------------
[debug] 
[debug] [2024-12-11T11:30:48.374Z] >>> [apiv2][query] GET https://firebase-public.firebaseio.com/cli.json [none]
[debug] [2024-12-11T11:30:48.733Z] > command requires scopes: ["email","openid","https://www.googleapis.com/auth/cloudplatformprojects.readonly","https://www.googleapis.com/auth/firebase","https://www.googleapis.com/auth/cloud-platform"]
[debug] [2024-12-11T11:30:48.735Z] > authorizing via signed-in user (habtamuanbese@gmail.com)
[info] i  emulators: Starting emulators: functions {"metadata":{"emulator":{"name":"hub"},"message":"Starting emulators: functions"}}
[debug] [2024-12-11T11:30:48.766Z] [logging] Logging Emulator only supports listening on one address (127.0.0.1). Not listening on ::1
[debug] [2024-12-11T11:30:48.768Z] assigned listening specs for emulators {"user":{"hub":[{"address":"127.0.0.1","family":"IPv4","port":4400},{"address":"::1","family":"IPv6","port":4400}],"ui":[{"address":"127.0.0.1","family":"IPv4","port":4000},{"address":"::1","family":"IPv6","port":4000}],"logging":[{"address":"127.0.0.1","family":"IPv4","port":4500}]},"metadata":{"message":"assigned listening specs for emulators"}}
[warn] !  emulators: It seems that you are running multiple instances of the emulator suite for project clone-e538c. This may result in unexpected behavior. 
[debug] [2024-12-11T11:30:48.787Z] [hub] writing locator at C:\Users\HP\AppData\Local\Temp\hub-clone-e538c.json
[debug] [2024-12-11T11:30:48.876Z] [functions] Functions Emulator only supports listening on one address (127.0.0.1). Not listening on ::1
[debug] [2024-12-11T11:30:48.876Z] [eventarc] Eventarc Emulator only supports listening on one address (127.0.0.1). Not listening on ::1
[debug] [2024-12-11T11:30:48.877Z] [tasks] Cloud Tasks Emulator only supports listening on one address (127.0.0.1). Not listening on ::1
[debug] [2024-12-11T11:30:48.877Z] late-assigned ports for functions and eventarc emulators {"user":{"hub":[{"address":"127.0.0.1","family":"IPv4","port":4400},{"address":"::1","family":"IPv6","port":4400}],"ui":[{"address":"127.0.0.1","family":"IPv4","port":4000},{"address":"::1","family":"IPv6","port":4000}],"logging":[{"address":"127.0.0.1","family":"IPv4","port":4500}],"functions":[{"address":"127.0.0.1","family":"IPv4","port":5001}],"eventarc":[{"address":"127.0.0.1","family":"IPv4","port":9299}],"tasks":[{"address":"127.0.0.1","family":"IPv4","port":9499}]},"metadata":{"message":"late-assigned ports for functions and eventarc emulators"}}
[warn] !  functions: The following emulators are not running, calls to these services from the Functions emulator will affect production: apphosting, auth, firestore, database, hosting, pubsub, storage, dataconnect {"metadata":{"emulator":{"name":"functions"},"message":"The following emulators are not running, calls to these services from the Functions emulator will affect production: \u001b[1mapphosting, auth, firestore, database, hosting, pubsub, storage, dataconnect\u001b[22m"}}
[debug] [2024-12-11T11:30:48.884Z] defaultcredentials: writing to file C:\Users\HP\AppData\Roaming\firebase\habtamuanbese_gmail_com_application_default_credentials.json
[debug] [2024-12-11T11:30:48.890Z] Setting GAC to C:\Users\HP\AppData\Roaming\firebase\habtamuanbese_gmail_com_application_default_credentials.json {"metadata":{"emulator":{"name":"functions"},"message":"Setting GAC to C:\\Users\\HP\\AppData\\Roaming\\firebase\\habtamuanbese_gmail_com_application_default_credentials.json"}}
[debug] [2024-12-11T11:30:48.892Z] Checked if tokens are valid: false, expires at: 1733642126531
[debug] [2024-12-11T11:30:48.892Z] Checked if tokens are valid: false, expires at: 1733642126531
[debug] [2024-12-11T11:30:48.893Z] > refreshing access token with scopes: []
[debug] [2024-12-11T11:30:48.895Z] >>> [apiv2][query] POST https://www.googleapis.com/oauth2/v3/token [none]
[debug] [2024-12-11T11:30:48.899Z] >>> [apiv2][body] POST https://www.googleapis.com/oauth2/v3/token [omitted]
[debug] [2024-12-11T11:30:49.629Z] <<< [apiv2][status] POST https://www.googleapis.com/oauth2/v3/token 200
[debug] [2024-12-11T11:30:49.629Z] <<< [apiv2][body] POST https://www.googleapis.com/oauth2/v3/token [omitted]
[debug] [2024-12-11T11:30:49.654Z] >>> [apiv2][query] GET https://firebase.googleapis.com/v1beta1/projects/clone-e538c/adminSdkConfig [none]
[debug] [2024-12-11T11:30:49.732Z] <<< [apiv2][status] GET https://firebase-public.firebaseio.com/cli.json 200
[debug] [2024-12-11T11:30:49.733Z] <<< [apiv2][body] GET https://firebase-public.firebaseio.com/cli.json {"cloudBuildErrorAfter":1594252800000,"cloudBuildWarnAfter":1590019200000,"defaultNode10After":1594252800000,"minVersion":"3.0.5","node8DeploysDisabledAfter":1613390400000,"node8RuntimeDisabledAfter":1615809600000,"node8WarnAfter":1600128000000}
[debug] [2024-12-11T11:30:50.620Z] <<< [apiv2][status] GET https://firebase.googleapis.com/v1beta1/projects/clone-e538c/adminSdkConfig 200
[debug] [2024-12-11T11:30:50.620Z] <<< [apiv2][body] GET https://firebase.googleapis.com/v1beta1/projects/clone-e538c/adminSdkConfig {"projectId":"clone-e538c","storageBucket":"clone-e538c.firebasestorage.app"}
[info] i  functions: Watching "C:\Users\HP\Desktop\evangadi\PHASE FOUR\week2\amazon-clone\amazon-clone-2024\functions" for Cloud Functions... {"metadata":{"emulator":{"name":"functions"},"message":"Watching \"C:\\Users\\HP\\Desktop\\evangadi\\PHASE FOUR\\week2\\amazon-clone\\amazon-clone-2024\\functions\" for Cloud Functions..."}}
[debug] [2024-12-11T11:30:50.748Z] Validating nodejs source
[warn] !  functions: package.json indicates an outdated version of firebase-functions. Please upgrade using npm install --save firebase-functions@latest in your functions directory. 
[debug] [2024-12-11T11:30:54.945Z] > [functions] package.json contents: {
  "name": "functions",
  "description": "Cloud Functions for Firebase",
  "scripts": {
    "serve": "firebase emulators:start --only functions",
    "shell": "firebase functions:shell",
    "start": "npm run shell",
    "deploy": "firebase deploy --only functions",
    "logs": "firebase functions:log"
  },
  "engines": {
    "node": "18"
  },
  "main": "index.js",
  "dependencies": {
    "cors": "^2.8.5",
    "dotenv": "^16.4.5",
    "express": "^4.21.1",
    "firebase-admin": "^12.6.0",
    "firebase-functions": "^6.0.1",
    "stripe": "^17.4.0"
  },
  "devDependencies": {
    "firebase-functions-test": "^3.1.0"
  },
  "private": true
}
[debug] [2024-12-11T11:30:54.945Z] Building nodejs source
[debug] [2024-12-11T11:30:54.946Z] Failed to find version of module node: reached end of search path C:\Users\HP\Desktop\evangadi\PHASE FOUR\week2\amazon-clone\amazon-clone-2024\functions\node_modules
[warn] !  functions: Your requested "node" version "18" doesn't match your global version "20". Using node@20 from host. 
[info] i  functions: Loaded environment variables from .env. 
[debug] [2024-12-11T11:30:54.966Z] Could not find functions.yaml. Must use http discovery
[debug] [2024-12-11T11:30:54.989Z] Found firebase-functions binary at 'C:\Users\HP\Desktop\evangadi\PHASE FOUR\week2\amazon-clone\amazon-clone-2024\functions\node_modules\.bin\firebase-functions'
[info] Serving at port 8857

[debug] [2024-12-11T11:30:57.336Z] Got response from /__/functions.yaml {"endpoints":{"api":{"availableMemoryMb":null,"timeoutSeconds":null,"minInstances":null,"maxInstances":null,"ingressSettings":null,"concurrency":null,"serviceAccountEmail":null,"vpc":null,"platform":"gcfv2","labels":{},"httpsTrigger":{},"entryPoint":"api"}},"specVersion":"v1alpha1","requiredAPIs":[],"extensions":{}}
[info] +  functions: Loaded functions definitions from source: api. {"metadata":{"emulator":{"name":"functions"},"message":"Loaded functions definitions from source: api."}}
[info] +  functions[us-central1-api]: http function initialized (http://127.0.0.1:5001/clone-e538c/us-central1/api). {"metadata":{"emulator":{"name":"functions"},"message":"\u001b[1mhttp\u001b[22m function initialized (http://127.0.0.1:5001/clone-e538c/us-central1/api)."}}
[debug] [2024-12-11T11:31:02.424Z] Could not find VSCode notification endpoint: FetchError: request to http://localhost:40001/vscode/notify failed, reason: . If you are not running the Firebase Data Connect VSCode extension, this is expected and not an issue.
[info] 
┌─────────────────────────────────────────────────────────────┐
│ ✔  All emulators ready! It is now safe to connect your app. │
│ i  View Emulator UI at http://127.0.0.1:4000/               │
└─────────────────────────────────────────────────────────────┘

┌───────────┬────────────────┬─────────────────────────────────┐
│ Emulator  │ Host:Port      │ View in Emulator UI             │
├───────────┼────────────────┼─────────────────────────────────┤
│ Functions │ 127.0.0.1:5001 │ http://127.0.0.1:4000/functions │
└───────────┴────────────────┴─────────────────────────────────┘
  Emulator Hub running at 127.0.0.1:4400
  Other reserved ports: 4500

Issues? Report them at https://github.com/firebase/firebase-tools/issues and attach the *-debug.log files.
 
[debug] [2024-12-11T11:32:25.300Z] [work-queue] {"queuedWork":["/clone-e538c/us-central1/api/payments/create-2024-12-11T11:32:25.297Z"],"queueLength":1,"runningWork":[],"workRunningCount":0}
[debug] [2024-12-11T11:32:25.302Z] [work-queue] {"queuedWork":[],"queueLength":0,"runningWork":["/clone-e538c/us-central1/api/payments/create-2024-12-11T11:32:25.297Z"],"workRunningCount":1}
[debug] [2024-12-11T11:32:25.304Z] Accepted request POST /clone-e538c/us-central1/api/payments/create?total=10995 --> us-central1-api
[debug] [2024-12-11T11:32:25.317Z] [functions] Runtime ready! Sending request! {"metadata":{"emulator":{"name":"functions"},"message":"[functions] Runtime ready! Sending request!"}}
[debug] [2024-12-11T11:32:25.319Z] [functions] Got req.url=/clone-e538c/us-central1/api/payments/create?total=10995, mapping to path=/payments/create?total=10995 {"metadata":{"emulator":{"name":"functions"},"message":"[functions] Got req.url=/clone-e538c/us-central1/api/payments/create?total=10995, mapping to path=/payments/create?total=10995"}}
[info] i  functions: Loaded environment variables from .env. 
[debug] [2024-12-11T11:32:25.410Z] [worker-pool] addWorker(us-central1-api) {"metadata":{"emulator":{"name":"functions"},"message":"[worker-pool] addWorker(us-central1-api)"}}
[debug] [2024-12-11T11:32:25.421Z] [worker-pool] Adding worker with key us-central1-api, total=1 {"metadata":{"emulator":{"name":"functions"},"message":"[worker-pool] Adding worker with key us-central1-api, total=1"}}
[debug] [2024-12-11T11:32:33.824Z] [runtime-status] [24684] Resolved module firebase-admin {"declared":true,"installed":true,"version":"12.7.0","resolution":"C:\\Users\\HP\\Desktop\\evangadi\\PHASE FOUR\\week2\\amazon-clone\\amazon-clone-2024\\functions\\node_modules\\firebase-admin\\lib\\index.js"} {"metadata":{"emulator":{"name":"functions"},"function":{"name":"us-central1-api"},"extension":{},"message":"[runtime-status] [24684] Resolved module firebase-admin {\"declared\":true,\"installed\":true,\"version\":\"12.7.0\",\"resolution\":\"C:\\\\Users\\\\HP\\\\Desktop\\\\evangadi\\\\PHASE FOUR\\\\week2\\\\amazon-clone\\\\amazon-clone-2024\\\\functions\\\\node_modules\\\\firebase-admin\\\\lib\\\\index.js\"}"}}
[debug] [2024-12-11T11:32:33.833Z] [runtime-status] [24684] Resolved module firebase-functions {"declared":true,"installed":true,"version":"6.1.1","resolution":"C:\\Users\\HP\\Desktop\\evangadi\\PHASE FOUR\\week2\\amazon-clone\\amazon-clone-2024\\functions\\node_modules\\firebase-functions\\lib\\v2\\index.js"} {"metadata":{"emulator":{"name":"functions"},"function":{"name":"us-central1-api"},"extension":{},"message":"[runtime-status] [24684] Resolved module firebase-functions {\"declared\":true,\"installed\":true,\"version\":\"6.1.1\",\"resolution\":\"C:\\\\Users\\\\HP\\\\Desktop\\\\evangadi\\\\PHASE FOUR\\\\week2\\\\amazon-clone\\\\amazon-clone-2024\\\\functions\\\\node_modules\\\\firebase-functions\\\\lib\\\\v2\\\\index.js\"}"}}
[debug] [2024-12-11T11:32:33.834Z] [runtime-status] [24684] Outgoing network have been stubbed. [{"name":"http","status":"mocked"},{"name":"http","status":"mocked"},{"name":"https","status":"mocked"},{"name":"https","status":"mocked"},{"name":"net","status":"mocked"}] {"metadata":{"emulator":{"name":"functions"},"function":{"name":"us-central1-api"},"extension":{},"message":"[runtime-status] [24684] Outgoing network have been stubbed. [{\"name\":\"http\",\"status\":\"mocked\"},{\"name\":\"http\",\"status\":\"mocked\"},{\"name\":\"https\",\"status\":\"mocked\"},{\"name\":\"https\",\"status\":\"mocked\"},{\"name\":\"net\",\"status\":\"mocked\"}]"}}
[debug] [2024-12-11T11:32:33.840Z] [runtime-status] [24684] Resolved module firebase-functions {"declared":true,"installed":true,"version":"6.1.1","resolution":"C:\\Users\\HP\\Desktop\\evangadi\\PHASE FOUR\\week2\\amazon-clone\\amazon-clone-2024\\functions\\node_modules\\firebase-functions\\lib\\v2\\index.js"} {"metadata":{"emulator":{"name":"functions"},"function":{"name":"us-central1-api"},"extension":{},"message":"[runtime-status] [24684] Resolved module firebase-functions {\"declared\":true,\"installed\":true,\"version\":\"6.1.1\",\"resolution\":\"C:\\\\Users\\\\HP\\\\Desktop\\\\evangadi\\\\PHASE FOUR\\\\week2\\\\amazon-clone\\\\amazon-clone-2024\\\\functions\\\\node_modules\\\\firebase-functions\\\\lib\\\\v2\\\\index.js\"}"}}
[debug] [2024-12-11T11:32:36.160Z] [runtime-status] [24684] Checked functions.config() {"config":{}} {"metadata":{"emulator":{"name":"functions"},"function":{"name":"us-central1-api"},"extension":{},"message":"[runtime-status] [24684] Checked functions.config() {\"config\":{}}"}}
[debug] [2024-12-11T11:32:36.161Z] [runtime-status] [24684] firebase-functions has been stubbed. {"functionsResolution":{"declared":true,"installed":true,"version":"6.1.1","resolution":"C:\\Users\\HP\\Desktop\\evangadi\\PHASE FOUR\\week2\\amazon-clone\\amazon-clone-2024\\functions\\node_modules\\firebase-functions\\lib\\v2\\index.js"}} {"metadata":{"emulator":{"name":"functions"},"function":{"name":"us-central1-api"},"extension":{},"message":"[runtime-status] [24684] firebase-functions has been stubbed. {\"functionsResolution\":{\"declared\":true,\"installed\":true,\"version\":\"6.1.1\",\"resolution\":\"C:\\\\Users\\\\HP\\\\Desktop\\\\evangadi\\\\PHASE FOUR\\\\week2\\\\amazon-clone\\\\amazon-clone-2024\\\\functions\\\\node_modules\\\\firebase-functions\\\\lib\\\\v2\\\\index.js\"}}"}}
[debug] [2024-12-11T11:32:36.168Z] [runtime-status] [24684] Resolved module firebase-functions {"declared":true,"installed":true,"version":"6.1.1","resolution":"C:\\Users\\HP\\Desktop\\evangadi\\PHASE FOUR\\week2\\amazon-clone\\amazon-clone-2024\\functions\\node_modules\\firebase-functions\\lib\\v2\\index.js"} {"metadata":{"emulator":{"name":"functions"},"function":{"name":"us-central1-api"},"extension":{},"message":"[runtime-status] [24684] Resolved module firebase-functions {\"declared\":true,\"installed\":true,\"version\":\"6.1.1\",\"resolution\":\"C:\\\\Users\\\\HP\\\\Desktop\\\\evangadi\\\\PHASE FOUR\\\\week2\\\\amazon-clone\\\\amazon-clone-2024\\\\functions\\\\node_modules\\\\firebase-functions\\\\lib\\\\v2\\\\index.js\"}"}}
[debug] [2024-12-11T11:32:36.199Z] [runtime-status] [24684] Resolved module firebase-admin {"declared":true,"installed":true,"version":"12.7.0","resolution":"C:\\Users\\HP\\Desktop\\evangadi\\PHASE FOUR\\week2\\amazon-clone\\amazon-clone-2024\\functions\\node_modules\\firebase-admin\\lib\\index.js"} {"metadata":{"emulator":{"name":"functions"},"function":{"name":"us-central1-api"},"extension":{},"message":"[runtime-status] [24684] Resolved module firebase-admin {\"declared\":true,\"installed\":true,\"version\":\"12.7.0\",\"resolution\":\"C:\\\\Users\\\\HP\\\\Desktop\\\\evangadi\\\\PHASE FOUR\\\\week2\\\\amazon-clone\\\\amazon-clone-2024\\\\functions\\\\node_modules\\\\firebase-admin\\\\lib\\\\index.js\"}"}}
[debug] [2024-12-11T11:32:36.226Z] [runtime-status] [24684] Resolved module firebase-functions {"declared":true,"installed":true,"version":"6.1.1","resolution":"C:\\Users\\HP\\Desktop\\evangadi\\PHASE FOUR\\week2\\amazon-clone\\amazon-clone-2024\\functions\\node_modules\\firebase-functions\\lib\\v2\\index.js"} {"metadata":{"emulator":{"name":"functions"},"function":{"name":"us-central1-api"},"extension":{},"message":"[runtime-status] [24684] Resolved module firebase-functions {\"declared\":true,\"installed\":true,\"version\":\"6.1.1\",\"resolution\":\"C:\\\\Users\\\\HP\\\\Desktop\\\\evangadi\\\\PHASE FOUR\\\\week2\\\\amazon-clone\\\\amazon-clone-2024\\\\functions\\\\node_modules\\\\firebase-functions\\\\lib\\\\v2\\\\index.js\"}"}}
[debug] [2024-12-11T11:32:36.226Z] [runtime-status] [24684] firebase-admin has been stubbed. {"adminResolution":{"declared":true,"installed":true,"version":"12.7.0","resolution":"C:\\Users\\HP\\Desktop\\evangadi\\PHASE FOUR\\week2\\amazon-clone\\amazon-clone-2024\\functions\\node_modules\\firebase-admin\\lib\\index.js"}} {"metadata":{"emulator":{"name":"functions"},"function":{"name":"us-central1-api"},"extension":{},"message":"[runtime-status] [24684] firebase-admin has been stubbed. {\"adminResolution\":{\"declared\":true,\"installed\":true,\"version\":\"12.7.0\",\"resolution\":\"C:\\\\Users\\\\HP\\\\Desktop\\\\evangadi\\\\PHASE FOUR\\\\week2\\\\amazon-clone\\\\amazon-clone-2024\\\\functions\\\\node_modules\\\\firebase-admin\\\\lib\\\\index.js\"}}"}}
[debug] [2024-12-11T11:32:37.686Z] [runtime-status] [24684] Functions runtime initialized. {"cwd":"C:\\Users\\HP\\Desktop\\evangadi\\PHASE FOUR\\week2\\amazon-clone\\amazon-clone-2024\\functions","node_version":"20.17.0"} {"metadata":{"emulator":{"name":"functions"},"function":{"name":"us-central1-api"},"extension":{},"message":"[runtime-status] [24684] Functions runtime initialized. {\"cwd\":\"C:\\\\Users\\\\HP\\\\Desktop\\\\evangadi\\\\PHASE FOUR\\\\week2\\\\amazon-clone\\\\amazon-clone-2024\\\\functions\",\"node_version\":\"20.17.0\"}"}}
[debug] [2024-12-11T11:32:37.694Z] [runtime-status] [24684] Listening to port: \\?\pipe\fire_emu_97477f69ddb60e15 {"metadata":{"emulator":{"name":"functions"},"function":{"name":"us-central1-api"},"extension":{},"message":"[runtime-status] [24684] Listening to port: \\\\?\\pipe\\fire_emu_97477f69ddb60e15"}}
[debug] [2024-12-11T11:32:37.751Z] [worker-us-central1-api-e04212ad-e024-4f3c-a9fb-ebace7d27cec]: IDLE {"metadata":{"emulator":{"name":"functions"},"function":{"name":"us-central1-api"},"extension":{},"message":"[worker-us-central1-api-e04212ad-e024-4f3c-a9fb-ebace7d27cec]: IDLE"}}
[debug] [2024-12-11T11:32:37.754Z] [worker-pool] submitRequest(triggerId=us-central1-api) {"metadata":{"emulator":{"name":"functions"},"message":"[worker-pool] submitRequest(triggerId=us-central1-api)"}}
[info] i  functions: Beginning execution of "us-central1-api" {"metadata":{"emulator":{"name":"functions"},"function":{"name":"us-central1-api"},"extension":{},"message":"Beginning execution of \"us-central1-api\""}}
[debug] [2024-12-11T11:32:37.761Z] [worker-us-central1-api-e04212ad-e024-4f3c-a9fb-ebace7d27cec]: BUSY {"metadata":{"emulator":{"name":"functions"},"function":{"name":"us-central1-api"},"extension":{},"message":"[worker-us-central1-api-e04212ad-e024-4f3c-a9fb-ebace7d27cec]: BUSY"}}
[info] >  payment received 10995 {"user":"payment received 10995","metadata":{"emulator":{"name":"functions"},"function":{"name":"us-central1-api"},"extension":{},"message":"\u001b[90m> \u001b[39m payment received 10995"}}
[info] >  { {"user":"{","metadata":{"emulator":{"name":"functions"},"function":{"name":"us-central1-api"},"extension":{},"message":"\u001b[90m> \u001b[39m {"}}
[info] >    id: 'pi_3QUfmy2KhcYqRuaC07Y6UM2L', {"user":"  id: 'pi_3QUfmy2KhcYqRuaC07Y6UM2L',","metadata":{"emulator":{"name":"functions"},"function":{"name":"us-central1-api"},"extension":{},"message":"\u001b[90m> \u001b[39m   id: 'pi_3QUfmy2KhcYqRuaC07Y6UM2L',"}}
[info] >    object: 'payment_intent', {"user":"  object: 'payment_intent',","metadata":{"emulator":{"name":"functions"},"function":{"name":"us-central1-api"},"extension":{},"message":"\u001b[90m> \u001b[39m   object: 'payment_intent',"}}
[info] >    amount: 10995, {"user":"  amount: 10995,","metadata":{"emulator":{"name":"functions"},"function":{"name":"us-central1-api"},"extension":{},"message":"\u001b[90m> \u001b[39m   amount: 10995,"}}
[info] >    amount_capturable: 0, {"user":"  amount_capturable: 0,","metadata":{"emulator":{"name":"functions"},"function":{"name":"us-central1-api"},"extension":{},"message":"\u001b[90m> \u001b[39m   amount_capturable: 0,"}}
[info] >    amount_details: { tip: {} }, {"user":"  amount_details: { tip: {} },","metadata":{"emulator":{"name":"functions"},"function":{"name":"us-central1-api"},"extension":{},"message":"\u001b[90m> \u001b[39m   amount_details: { tip: {} },"}}
[info] >    amount_received: 0, {"user":"  amount_received: 0,","metadata":{"emulator":{"name":"functions"},"function":{"name":"us-central1-api"},"extension":{},"message":"\u001b[90m> \u001b[39m   amount_received: 0,"}}
[info] >    application: null, {"user":"  application: null,","metadata":{"emulator":{"name":"functions"},"function":{"name":"us-central1-api"},"extension":{},"message":"\u001b[90m> \u001b[39m   application: null,"}}
[info] >    application_fee_amount: null, {"user":"  application_fee_amount: null,","metadata":{"emulator":{"name":"functions"},"function":{"name":"us-central1-api"},"extension":{},"message":"\u001b[90m> \u001b[39m   application_fee_amount: null,"}}
[info] >    automatic_payment_methods: { allow_redirects: 'always', enabled: true }, {"user":"  automatic_payment_methods: { allow_redirects: 'always', enabled: true },","metadata":{"emulator":{"name":"functions"},"function":{"name":"us-central1-api"},"extension":{},"message":"\u001b[90m> \u001b[39m   automatic_payment_methods: { allow_redirects: 'always', enabled: true },"}}
[info] >    canceled_at: null, {"user":"  canceled_at: null,","metadata":{"emulator":{"name":"functions"},"function":{"name":"us-central1-api"},"extension":{},"message":"\u001b[90m> \u001b[39m   canceled_at: null,"}}
[info] >    cancellation_reason: null, {"user":"  cancellation_reason: null,","metadata":{"emulator":{"name":"functions"},"function":{"name":"us-central1-api"},"extension":{},"message":"\u001b[90m> \u001b[39m   cancellation_reason: null,"}}
[info] >    capture_method: 'automatic_async', {"user":"  capture_method: 'automatic_async',","metadata":{"emulator":{"name":"functions"},"function":{"name":"us-central1-api"},"extension":{},"message":"\u001b[90m> \u001b[39m   capture_method: 'automatic_async',"}}
[info] >    client_secret: 'pi_3QUfmy2KhcYqRuaC07Y6UM2L_secret_rrqBF2sutN0D4mFpK7pfyVU2G', {"user":"  client_secret: 'pi_3QUfmy2KhcYqRuaC07Y6UM2L_secret_rrqBF2sutN0D4mFpK7pfyVU2G',","metadata":{"emulator":{"name":"functions"},"function":{"name":"us-central1-api"},"extension":{},"message":"\u001b[90m> \u001b[39m   client_secret: 'pi_3QUfmy2KhcYqRuaC07Y6UM2L_secret_rrqBF2sutN0D4mFpK7pfyVU2G',"}}
[info] >    confirmation_method: 'automatic', {"user":"  confirmation_method: 'automatic',","metadata":{"emulator":{"name":"functions"},"function":{"name":"us-central1-api"},"extension":{},"message":"\u001b[90m> \u001b[39m   confirmation_method: 'automatic',"}}
[info] >    created: 1733884596, {"user":"  created: 1733884596,","metadata":{"emulator":{"name":"functions"},"function":{"name":"us-central1-api"},"extension":{},"message":"\u001b[90m> \u001b[39m   created: 1733884596,"}}
[info] >    currency: 'usd', {"user":"  currency: 'usd',","metadata":{"emulator":{"name":"functions"},"function":{"name":"us-central1-api"},"extension":{},"message":"\u001b[90m> \u001b[39m   currency: 'usd',"}}
[info] >    customer: null, {"user":"  customer: null,","metadata":{"emulator":{"name":"functions"},"function":{"name":"us-central1-api"},"extension":{},"message":"\u001b[90m> \u001b[39m   customer: null,"}}
[info] >    description: null, {"user":"  description: null,","metadata":{"emulator":{"name":"functions"},"function":{"name":"us-central1-api"},"extension":{},"message":"\u001b[90m> \u001b[39m   description: null,"}}
[info] >    invoice: null, {"user":"  invoice: null,","metadata":{"emulator":{"name":"functions"},"function":{"name":"us-central1-api"},"extension":{},"message":"\u001b[90m> \u001b[39m   invoice: null,"}}
[info] >    last_payment_error: null, {"user":"  last_payment_error: null,","metadata":{"emulator":{"name":"functions"},"function":{"name":"us-central1-api"},"extension":{},"message":"\u001b[90m> \u001b[39m   last_payment_error: null,"}}
[info] >    latest_charge: null, {"user":"  latest_charge: null,","metadata":{"emulator":{"name":"functions"},"function":{"name":"us-central1-api"},"extension":{},"message":"\u001b[90m> \u001b[39m   latest_charge: null,"}}
[info] >    livemode: false, {"user":"  livemode: false,","metadata":{"emulator":{"name":"functions"},"function":{"name":"us-central1-api"},"extension":{},"message":"\u001b[90m> \u001b[39m   livemode: false,"}}
[info] >    metadata: {}, {"user":"  metadata: {},","metadata":{"emulator":{"name":"functions"},"function":{"name":"us-central1-api"},"extension":{},"message":"\u001b[90m> \u001b[39m   metadata: {},"}}
[info] >    next_action: null, {"user":"  next_action: null,","metadata":{"emulator":{"name":"functions"},"function":{"name":"us-central1-api"},"extension":{},"message":"\u001b[90m> \u001b[39m   next_action: null,"}}
[info] >    on_behalf_of: null, {"user":"  on_behalf_of: null,","metadata":{"emulator":{"name":"functions"},"function":{"name":"us-central1-api"},"extension":{},"message":"\u001b[90m> \u001b[39m   on_behalf_of: null,"}}
[info] >    payment_method: null, {"user":"  payment_method: null,","metadata":{"emulator":{"name":"functions"},"function":{"name":"us-central1-api"},"extension":{},"message":"\u001b[90m> \u001b[39m   payment_method: null,"}}
[info] >    payment_method_configuration_details: { id: 'pmc_1QT1SY2KhcYqRuaCyCKjwOCM', parent: null }, {"user":"  payment_method_configuration_details: { id: 'pmc_1QT1SY2KhcYqRuaCyCKjwOCM', parent: null },","metadata":{"emulator":{"name":"functions"},"function":{"name":"us-central1-api"},"extension":{},"message":"\u001b[90m> \u001b[39m   payment_method_configuration_details: { id: 'pmc_1QT1SY2KhcYqRuaCyCKjwOCM', parent: null },"}}
[info] >    payment_method_options: { {"user":"  payment_method_options: {","metadata":{"emulator":{"name":"functions"},"function":{"name":"us-central1-api"},"extension":{},"message":"\u001b[90m> \u001b[39m   payment_method_options: {"}}
[info] >      card: { {"user":"    card: {","metadata":{"emulator":{"name":"functions"},"function":{"name":"us-central1-api"},"extension":{},"message":"\u001b[90m> \u001b[39m     card: {"}}
[info] >        installments: null, {"user":"      installments: null,","metadata":{"emulator":{"name":"functions"},"function":{"name":"us-central1-api"},"extension":{},"message":"\u001b[90m> \u001b[39m       installments: null,"}}
[info] >        mandate_options: null, {"user":"      mandate_options: null,","metadata":{"emulator":{"name":"functions"},"function":{"name":"us-central1-api"},"extension":{},"message":"\u001b[90m> \u001b[39m       mandate_options: null,"}}
[info] >        network: null, {"user":"      network: null,","metadata":{"emulator":{"name":"functions"},"function":{"name":"us-central1-api"},"extension":{},"message":"\u001b[90m> \u001b[39m       network: null,"}}
[info] >        request_three_d_secure: 'automatic' {"user":"      request_three_d_secure: 'automatic'","metadata":{"emulator":{"name":"functions"},"function":{"name":"us-central1-api"},"extension":{},"message":"\u001b[90m> \u001b[39m       request_three_d_secure: 'automatic'"}}
[info] >      }, {"user":"    },","metadata":{"emulator":{"name":"functions"},"function":{"name":"us-central1-api"},"extension":{},"message":"\u001b[90m> \u001b[39m     },"}}
[info] >      cashapp: {}, {"user":"    cashapp: {},","metadata":{"emulator":{"name":"functions"},"function":{"name":"us-central1-api"},"extension":{},"message":"\u001b[90m> \u001b[39m     cashapp: {},"}}
[info] >      link: { persistent_token: null } {"user":"    link: { persistent_token: null }","metadata":{"emulator":{"name":"functions"},"function":{"name":"us-central1-api"},"extension":{},"message":"\u001b[90m> \u001b[39m     link: { persistent_token: null }"}}
[info] >    }, {"user":"  },","metadata":{"emulator":{"name":"functions"},"function":{"name":"us-central1-api"},"extension":{},"message":"\u001b[90m> \u001b[39m   },"}}
[info] >    payment_method_types: [ 'card', 'link', 'cashapp' ], {"user":"  payment_method_types: [ 'card', 'link', 'cashapp' ],","metadata":{"emulator":{"name":"functions"},"function":{"name":"us-central1-api"},"extension":{},"message":"\u001b[90m> \u001b[39m   payment_method_types: [ 'card', 'link', 'cashapp' ],"}}
[info] >    processing: null, {"user":"  processing: null,","metadata":{"emulator":{"name":"functions"},"function":{"name":"us-central1-api"},"extension":{},"message":"\u001b[90m> \u001b[39m   processing: null,"}}
[info] >    receipt_email: null, {"user":"  receipt_email: null,","metadata":{"emulator":{"name":"functions"},"function":{"name":"us-central1-api"},"extension":{},"message":"\u001b[90m> \u001b[39m   receipt_email: null,"}}
[info] >    review: null, {"user":"  review: null,","metadata":{"emulator":{"name":"functions"},"function":{"name":"us-central1-api"},"extension":{},"message":"\u001b[90m> \u001b[39m   review: null,"}}
[info] >    setup_future_usage: null, {"user":"  setup_future_usage: null,","metadata":{"emulator":{"name":"functions"},"function":{"name":"us-central1-api"},"extension":{},"message":"\u001b[90m> \u001b[39m   setup_future_usage: null,"}}
[info] >    shipping: null, {"user":"  shipping: null,","metadata":{"emulator":{"name":"functions"},"function":{"name":"us-central1-api"},"extension":{},"message":"\u001b[90m> \u001b[39m   shipping: null,"}}
[info] >    source: null, {"user":"  source: null,","metadata":{"emulator":{"name":"functions"},"function":{"name":"us-central1-api"},"extension":{},"message":"\u001b[90m> \u001b[39m   source: null,"}}
[info] >    statement_descriptor: null, {"user":"  statement_descriptor: null,","metadata":{"emulator":{"name":"functions"},"function":{"name":"us-central1-api"},"extension":{},"message":"\u001b[90m> \u001b[39m   statement_descriptor: null,"}}
[info] >    statement_descriptor_suffix: null, {"user":"  statement_descriptor_suffix: null,","metadata":{"emulator":{"name":"functions"},"function":{"name":"us-central1-api"},"extension":{},"message":"\u001b[90m> \u001b[39m   statement_descriptor_suffix: null,"}}
[info] >    status: 'requires_payment_method', {"user":"  status: 'requires_payment_method',","metadata":{"emulator":{"name":"functions"},"function":{"name":"us-central1-api"},"extension":{},"message":"\u001b[90m> \u001b[39m   status: 'requires_payment_method',"}}
[info] >    transfer_data: null, {"user":"  transfer_data: null,","metadata":{"emulator":{"name":"functions"},"function":{"name":"us-central1-api"},"extension":{},"message":"\u001b[90m> \u001b[39m   transfer_data: null,"}}
[info] >    transfer_group: null {"user":"  transfer_group: null","metadata":{"emulator":{"name":"functions"},"function":{"name":"us-central1-api"},"extension":{},"message":"\u001b[90m> \u001b[39m   transfer_group: null"}}
[info] >  } {"user":"}","metadata":{"emulator":{"name":"functions"},"function":{"name":"us-central1-api"},"extension":{},"message":"\u001b[90m> \u001b[39m }"}}
[debug] [2024-12-11T11:32:39.902Z] Finishing up request with event=pause {"metadata":{"emulator":{"name":"functions"},"function":{"name":"us-central1-api"},"extension":{},"message":"Finishing up request with event=pause"}}
[info] i  functions: Finished "us-central1-api" in 2142.1944ms {"metadata":{"emulator":{"name":"functions"},"function":{"name":"us-central1-api"},"extension":{},"message":"Finished \"us-central1-api\" in 2142.1944ms"}}
[debug] [2024-12-11T11:32:39.905Z] [worker-us-central1-api-e04212ad-e024-4f3c-a9fb-ebace7d27cec]: IDLE {"metadata":{"emulator":{"name":"functions"},"function":{"name":"us-central1-api"},"extension":{},"message":"[worker-us-central1-api-e04212ad-e024-4f3c-a9fb-ebace7d27cec]: IDLE"}}
[debug] [2024-12-11T11:32:39.906Z] Finishing up request with event=finish {"metadata":{"emulator":{"name":"functions"},"function":{"name":"us-central1-api"},"extension":{},"message":"Finishing up request with event=finish"}}
[debug] [2024-12-11T11:32:39.907Z] Finishing up request with event=close {"metadata":{"emulator":{"name":"functions"},"function":{"name":"us-central1-api"},"extension":{},"message":"Finishing up request with event=close"}}
[debug] [2024-12-11T11:32:39.907Z] [work-queue] {"queuedWork":[],"queueLength":0,"runningWork":[],"workRunningCount":0}
[debug] [2024-12-11T13:20:22.310Z] [work-queue] {"queuedWork":["/clone-e538c/us-central1/api/payments/create-2024-12-11T13:20:22.300Z"],"queueLength":1,"runningWork":[],"workRunningCount":0}
[debug] [2024-12-11T13:20:22.339Z] [work-queue] {"queuedWork":[],"queueLength":0,"runningWork":["/clone-e538c/us-central1/api/payments/create-2024-12-11T13:20:22.300Z"],"workRunningCount":1}
[debug] [2024-12-11T13:20:22.341Z] Accepted request POST /clone-e538c/us-central1/api/payments/create?total=5599 --> us-central1-api
[debug] [2024-12-11T13:20:22.444Z] [functions] Runtime ready! Sending request! {"metadata":{"emulator":{"name":"functions"},"message":"[functions] Runtime ready! Sending request!"}}
[debug] [2024-12-11T13:20:22.446Z] [functions] Got req.url=/clone-e538c/us-central1/api/payments/create?total=5599, mapping to path=/payments/create?total=5599 {"metadata":{"emulator":{"name":"functions"},"message":"[functions] Got req.url=/clone-e538c/us-central1/api/payments/create?total=5599, mapping to path=/payments/create?total=5599"}}
[debug] [2024-12-11T13:20:22.452Z] [worker-pool] submitRequest(triggerId=us-central1-api) {"metadata":{"emulator":{"name":"functions"},"message":"[worker-pool] submitRequest(triggerId=us-central1-api)"}}
[info] i  functions: Beginning execution of "us-central1-api" {"metadata":{"emulator":{"name":"functions"},"function":{"name":"us-central1-api"},"extension":{},"message":"Beginning execution of \"us-central1-api\""}}
[debug] [2024-12-11T13:20:22.471Z] [worker-us-central1-api-e04212ad-e024-4f3c-a9fb-ebace7d27cec]: BUSY {"metadata":{"emulator":{"name":"functions"},"function":{"name":"us-central1-api"},"extension":{},"message":"[worker-us-central1-api-e04212ad-e024-4f3c-a9fb-ebace7d27cec]: BUSY"}}
[info] >  payment received 5599 {"user":"payment received 5599","metadata":{"emulator":{"name":"functions"},"function":{"name":"us-central1-api"},"extension":{},"message":"\u001b[90m> \u001b[39m payment received 5599"}}
[info] >  { {"user":"{","metadata":{"emulator":{"name":"functions"},"function":{"name":"us-central1-api"},"extension":{},"message":"\u001b[90m> \u001b[39m {"}}
[info] >    id: 'pi_3QUhTU2KhcYqRuaC1bYgh2Jn', {"user":"  id: 'pi_3QUhTU2KhcYqRuaC1bYgh2Jn',","metadata":{"emulator":{"name":"functions"},"function":{"name":"us-central1-api"},"extension":{},"message":"\u001b[90m> \u001b[39m   id: 'pi_3QUhTU2KhcYqRuaC1bYgh2Jn',"}}
[info] >    object: 'payment_intent', {"user":"  object: 'payment_intent',","metadata":{"emulator":{"name":"functions"},"function":{"name":"us-central1-api"},"extension":{},"message":"\u001b[90m> \u001b[39m   object: 'payment_intent',"}}
[info] >    amount: 5599, {"user":"  amount: 5599,","metadata":{"emulator":{"name":"functions"},"function":{"name":"us-central1-api"},"extension":{},"message":"\u001b[90m> \u001b[39m   amount: 5599,"}}
[info] >    amount_capturable: 0, {"user":"  amount_capturable: 0,","metadata":{"emulator":{"name":"functions"},"function":{"name":"us-central1-api"},"extension":{},"message":"\u001b[90m> \u001b[39m   amount_capturable: 0,"}}
[info] >    amount_details: { tip: {} }, {"user":"  amount_details: { tip: {} },","metadata":{"emulator":{"name":"functions"},"function":{"name":"us-central1-api"},"extension":{},"message":"\u001b[90m> \u001b[39m   amount_details: { tip: {} },"}}
[info] >    amount_received: 0, {"user":"  amount_received: 0,","metadata":{"emulator":{"name":"functions"},"function":{"name":"us-central1-api"},"extension":{},"message":"\u001b[90m> \u001b[39m   amount_received: 0,"}}
[info] >    application: null, {"user":"  application: null,","metadata":{"emulator":{"name":"functions"},"function":{"name":"us-central1-api"},"extension":{},"message":"\u001b[90m> \u001b[39m   application: null,"}}
[info] >    application_fee_amount: null, {"user":"  application_fee_amount: null,","metadata":{"emulator":{"name":"functions"},"function":{"name":"us-central1-api"},"extension":{},"message":"\u001b[90m> \u001b[39m   application_fee_amount: null,"}}
[info] >    automatic_payment_methods: { allow_redirects: 'always', enabled: true }, {"user":"  automatic_payment_methods: { allow_redirects: 'always', enabled: true },","metadata":{"emulator":{"name":"functions"},"function":{"name":"us-central1-api"},"extension":{},"message":"\u001b[90m> \u001b[39m   automatic_payment_methods: { allow_redirects: 'always', enabled: true },"}}
[info] >    canceled_at: null, {"user":"  canceled_at: null,","metadata":{"emulator":{"name":"functions"},"function":{"name":"us-central1-api"},"extension":{},"message":"\u001b[90m> \u001b[39m   canceled_at: null,"}}
[info] >    cancellation_reason: null, {"user":"  cancellation_reason: null,","metadata":{"emulator":{"name":"functions"},"function":{"name":"us-central1-api"},"extension":{},"message":"\u001b[90m> \u001b[39m   cancellation_reason: null,"}}
[info] >    capture_method: 'automatic_async', {"user":"  capture_method: 'automatic_async',","metadata":{"emulator":{"name":"functions"},"function":{"name":"us-central1-api"},"extension":{},"message":"\u001b[90m> \u001b[39m   capture_method: 'automatic_async',"}}
[info] >    client_secret: 'pi_3QUhTU2KhcYqRuaC1bYgh2Jn_secret_60fEA6n0rwGhwMKL8D5Kv5c1J', {"user":"  client_secret: 'pi_3QUhTU2KhcYqRuaC1bYgh2Jn_secret_60fEA6n0rwGhwMKL8D5Kv5c1J',","metadata":{"emulator":{"name":"functions"},"function":{"name":"us-central1-api"},"extension":{},"message":"\u001b[90m> \u001b[39m   client_secret: 'pi_3QUhTU2KhcYqRuaC1bYgh2Jn_secret_60fEA6n0rwGhwMKL8D5Kv5c1J',"}}
[info] >    confirmation_method: 'automatic', {"user":"  confirmation_method: 'automatic',","metadata":{"emulator":{"name":"functions"},"function":{"name":"us-central1-api"},"extension":{},"message":"\u001b[90m> \u001b[39m   confirmation_method: 'automatic',"}}
[info] >    created: 1733891076, {"user":"  created: 1733891076,","metadata":{"emulator":{"name":"functions"},"function":{"name":"us-central1-api"},"extension":{},"message":"\u001b[90m> \u001b[39m   created: 1733891076,"}}
[info] >    currency: 'usd', {"user":"  currency: 'usd',","metadata":{"emulator":{"name":"functions"},"function":{"name":"us-central1-api"},"extension":{},"message":"\u001b[90m> \u001b[39m   currency: 'usd',"}}
[info] >    customer: null, {"user":"  customer: null,","metadata":{"emulator":{"name":"functions"},"function":{"name":"us-central1-api"},"extension":{},"message":"\u001b[90m> \u001b[39m   customer: null,"}}
[info] >    description: null, {"user":"  description: null,","metadata":{"emulator":{"name":"functions"},"function":{"name":"us-central1-api"},"extension":{},"message":"\u001b[90m> \u001b[39m   description: null,"}}
[info] >    invoice: null, {"user":"  invoice: null,","metadata":{"emulator":{"name":"functions"},"function":{"name":"us-central1-api"},"extension":{},"message":"\u001b[90m> \u001b[39m   invoice: null,"}}
[info] >    last_payment_error: null, {"user":"  last_payment_error: null,","metadata":{"emulator":{"name":"functions"},"function":{"name":"us-central1-api"},"extension":{},"message":"\u001b[90m> \u001b[39m   last_payment_error: null,"}}
[info] >    latest_charge: null, {"user":"  latest_charge: null,","metadata":{"emulator":{"name":"functions"},"function":{"name":"us-central1-api"},"extension":{},"message":"\u001b[90m> \u001b[39m   latest_charge: null,"}}
[info] >    livemode: false, {"user":"  livemode: false,","metadata":{"emulator":{"name":"functions"},"function":{"name":"us-central1-api"},"extension":{},"message":"\u001b[90m> \u001b[39m   livemode: false,"}}
[info] >    metadata: {}, {"user":"  metadata: {},","metadata":{"emulator":{"name":"functions"},"function":{"name":"us-central1-api"},"extension":{},"message":"\u001b[90m> \u001b[39m   metadata: {},"}}
[info] >    next_action: null, {"user":"  next_action: null,","metadata":{"emulator":{"name":"functions"},"function":{"name":"us-central1-api"},"extension":{},"message":"\u001b[90m> \u001b[39m   next_action: null,"}}
[info] >    on_behalf_of: null, {"user":"  on_behalf_of: null,","metadata":{"emulator":{"name":"functions"},"function":{"name":"us-central1-api"},"extension":{},"message":"\u001b[90m> \u001b[39m   on_behalf_of: null,"}}
[info] >    payment_method: null, {"user":"  payment_method: null,","metadata":{"emulator":{"name":"functions"},"function":{"name":"us-central1-api"},"extension":{},"message":"\u001b[90m> \u001b[39m   payment_method: null,"}}
[info] >    payment_method_configuration_details: { id: 'pmc_1QT1SY2KhcYqRuaCyCKjwOCM', parent: null }, {"user":"  payment_method_configuration_details: { id: 'pmc_1QT1SY2KhcYqRuaCyCKjwOCM', parent: null },","metadata":{"emulator":{"name":"functions"},"function":{"name":"us-central1-api"},"extension":{},"message":"\u001b[90m> \u001b[39m   payment_method_configuration_details: { id: 'pmc_1QT1SY2KhcYqRuaCyCKjwOCM', parent: null },"}}
[info] >    payment_method_options: { {"user":"  payment_method_options: {","metadata":{"emulator":{"name":"functions"},"function":{"name":"us-central1-api"},"extension":{},"message":"\u001b[90m> \u001b[39m   payment_method_options: {"}}
[info] >      card: { {"user":"    card: {","metadata":{"emulator":{"name":"functions"},"function":{"name":"us-central1-api"},"extension":{},"message":"\u001b[90m> \u001b[39m     card: {"}}
[info] >        installments: null, {"user":"      installments: null,","metadata":{"emulator":{"name":"functions"},"function":{"name":"us-central1-api"},"extension":{},"message":"\u001b[90m> \u001b[39m       installments: null,"}}
[info] >        mandate_options: null, {"user":"      mandate_options: null,","metadata":{"emulator":{"name":"functions"},"function":{"name":"us-central1-api"},"extension":{},"message":"\u001b[90m> \u001b[39m       mandate_options: null,"}}
[info] >        network: null, {"user":"      network: null,","metadata":{"emulator":{"name":"functions"},"function":{"name":"us-central1-api"},"extension":{},"message":"\u001b[90m> \u001b[39m       network: null,"}}
[info] >        request_three_d_secure: 'automatic' {"user":"      request_three_d_secure: 'automatic'","metadata":{"emulator":{"name":"functions"},"function":{"name":"us-central1-api"},"extension":{},"message":"\u001b[90m> \u001b[39m       request_three_d_secure: 'automatic'"}}
[info] >      }, {"user":"    },","metadata":{"emulator":{"name":"functions"},"function":{"name":"us-central1-api"},"extension":{},"message":"\u001b[90m> \u001b[39m     },"}}
[info] >      cashapp: {}, {"user":"    cashapp: {},","metadata":{"emulator":{"name":"functions"},"function":{"name":"us-central1-api"},"extension":{},"message":"\u001b[90m> \u001b[39m     cashapp: {},"}}
[info] >      link: { persistent_token: null } {"user":"    link: { persistent_token: null }","metadata":{"emulator":{"name":"functions"},"function":{"name":"us-central1-api"},"extension":{},"message":"\u001b[90m> \u001b[39m     link: { persistent_token: null }"}}
[info] >    }, {"user":"  },","metadata":{"emulator":{"name":"functions"},"function":{"name":"us-central1-api"},"extension":{},"message":"\u001b[90m> \u001b[39m   },"}}
[info] >    payment_method_types: [ 'card', 'link', 'cashapp' ], {"user":"  payment_method_types: [ 'card', 'link', 'cashapp' ],","metadata":{"emulator":{"name":"functions"},"function":{"name":"us-central1-api"},"extension":{},"message":"\u001b[90m> \u001b[39m   payment_method_types: [ 'card', 'link', 'cashapp' ],"}}
[info] >    processing: null, {"user":"  processing: null,","metadata":{"emulator":{"name":"functions"},"function":{"name":"us-central1-api"},"extension":{},"message":"\u001b[90m> \u001b[39m   processing: null,"}}
[info] >    receipt_email: null, {"user":"  receipt_email: null,","metadata":{"emulator":{"name":"functions"},"function":{"name":"us-central1-api"},"extension":{},"message":"\u001b[90m> \u001b[39m   receipt_email: null,"}}
[info] >    review: null, {"user":"  review: null,","metadata":{"emulator":{"name":"functions"},"function":{"name":"us-central1-api"},"extension":{},"message":"\u001b[90m> \u001b[39m   review: null,"}}
[info] >    setup_future_usage: null, {"user":"  setup_future_usage: null,","metadata":{"emulator":{"name":"functions"},"function":{"name":"us-central1-api"},"extension":{},"message":"\u001b[90m> \u001b[39m   setup_future_usage: null,"}}
[info] >    shipping: null, {"user":"  shipping: null,","metadata":{"emulator":{"name":"functions"},"function":{"name":"us-central1-api"},"extension":{},"message":"\u001b[90m> \u001b[39m   shipping: null,"}}
[info] >    source: null, {"user":"  source: null,","metadata":{"emulator":{"name":"functions"},"function":{"name":"us-central1-api"},"extension":{},"message":"\u001b[90m> \u001b[39m   source: null,"}}
[info] >    statement_descriptor: null, {"user":"  statement_descriptor: null,","metadata":{"emulator":{"name":"functions"},"function":{"name":"us-central1-api"},"extension":{},"message":"\u001b[90m> \u001b[39m   statement_descriptor: null,"}}
[info] >    statement_descriptor_suffix: null, {"user":"  statement_descriptor_suffix: null,","metadata":{"emulator":{"name":"functions"},"function":{"name":"us-central1-api"},"extension":{},"message":"\u001b[90m> \u001b[39m   statement_descriptor_suffix: null,"}}
[info] >    status: 'requires_payment_method', {"user":"  status: 'requires_payment_method',","metadata":{"emulator":{"name":"functions"},"function":{"name":"us-central1-api"},"extension":{},"message":"\u001b[90m> \u001b[39m   status: 'requires_payment_method',"}}
[info] >    transfer_data: null, {"user":"  transfer_data: null,","metadata":{"emulator":{"name":"functions"},"function":{"name":"us-central1-api"},"extension":{},"message":"\u001b[90m> \u001b[39m   transfer_data: null,"}}
[info] >    transfer_group: null {"user":"  transfer_group: null","metadata":{"emulator":{"name":"functions"},"function":{"name":"us-central1-api"},"extension":{},"message":"\u001b[90m> \u001b[39m   transfer_group: null"}}
[info] >  } {"user":"}","metadata":{"emulator":{"name":"functions"},"function":{"name":"us-central1-api"},"extension":{},"message":"\u001b[90m> \u001b[39m }"}}
[debug] [2024-12-11T13:20:39.714Z] Finishing up request with event=pause {"metadata":{"emulator":{"name":"functions"},"function":{"name":"us-central1-api"},"extension":{},"message":"Finishing up request with event=pause"}}
[info] i  functions: Finished "us-central1-api" in 17243.582ms {"metadata":{"emulator":{"name":"functions"},"function":{"name":"us-central1-api"},"extension":{},"message":"Finished \"us-central1-api\" in 17243.582ms"}}
[debug] [2024-12-11T13:20:39.716Z] [worker-us-central1-api-e04212ad-e024-4f3c-a9fb-ebace7d27cec]: IDLE {"metadata":{"emulator":{"name":"functions"},"function":{"name":"us-central1-api"},"extension":{},"message":"[worker-us-central1-api-e04212ad-e024-4f3c-a9fb-ebace7d27cec]: IDLE"}}
[debug] [2024-12-11T13:20:39.717Z] Finishing up request with event=finish {"metadata":{"emulator":{"name":"functions"},"function":{"name":"us-central1-api"},"extension":{},"message":"Finishing up request with event=finish"}}
[debug] [2024-12-11T13:20:39.719Z] Finishing up request with event=close {"metadata":{"emulator":{"name":"functions"},"function":{"name":"us-central1-api"},"extension":{},"message":"Finishing up request with event=close"}}
[debug] [2024-12-11T13:20:39.719Z] [work-queue] {"queuedWork":[],"queueLength":0,"runningWork":[],"workRunningCount":0}
